#
# There is insufficient memory for the Java Runtime Environment to continue.
# Native memory allocation (malloc) failed to allocate 34736 bytes for Chunk::new
# Possible reasons:
#   The system is out of physical RAM or swap space
#   The process is running with CompressedOops enabled, and the Java Heap may be blocking the growth of the native heap
# Possible solutions:
#   Reduce memory load on the system
#   Increase physical memory or swap space
#   Check if swap backing store is full
#   Decrease Java heap size (-Xmx/-Xms)
#   Decrease number of Java threads
#   Decrease Java thread stack sizes (-Xss)
#   Set larger code cache with -XX:ReservedCodeCacheSize=
#   JVM is running with Unscaled Compressed Oops mode in which the Java heap is
#     placed in the first 4GB address space. The Java Heap base address is the
#     maximum limit for the native heap growth. Please use -XX:HeapBaseMinAddress
#     to set the Java Heap base and to place the Java Heap above 4GB virtual address.
# This output file may be truncated or incomplete.
#
#  Out of Memory Error (./open/src/hotspot/share/memory/arena.cpp:195), pid=5700, tid=432
#
# JRE version: Java(TM) SE Runtime Environment (14.0.1+7) (build 14.0.1+7)
# Java VM: Java HotSpot(TM) 64-Bit Server VM (14.0.1+7, mixed mode, sharing, tiered, compressed oops, serial gc, windows-amd64)
# No core dump will be written. Minidumps are not enabled by default on client versions of Windows
#

---------------  S U M M A R Y ------------

Command Line: -Dfile.encoding=Cp1252 excecao.ChecadaVsNaoChecada

Host: Intel(R) Core(TM) i3 CPU       M 370  @ 2.40GHz, 4 cores, 1G,  Windows 10 , 64 bit Build 18362 (10.0.18362.1110)
Time: Sat Dec  5 14:21:32 2020 Hora oficial do Brasil elapsed time: 5 seconds (0d 0h 0m 5s)

---------------  T H R E A D  ---------------

Current thread (0x000001f917fa3000):  JavaThread "C2 CompilerThread0" daemon [_thread_in_native, id=432, stack(0x000000eb4e500000,0x000000eb4e600000)]


Current CompileTask:
C2:   5276   76       4       java.lang.String::hashCode (60 bytes)

Stack: [0x000000eb4e500000,0x000000eb4e600000]
Native frames: (J=compiled Java code, j=interpreted, Vv=VM code, C=native code)
V  [jvm.dll+0x5f840a]
V  [jvm.dll+0x741e4a]
V  [jvm.dll+0x7435ff]
V  [jvm.dll+0x743c43]
V  [jvm.dll+0x20d288]
V  [jvm.dll+0xabb07]
V  [jvm.dll+0xac1fc]
V  [jvm.dll+0x276db4]
V  [jvm.dll+0x50ca4a]
V  [jvm.dll+0x1ee1da]
V  [jvm.dll+0x1e7cfb]
V  [jvm.dll+0x1e4f98]
V  [jvm.dll+0x1779cc]
V  [jvm.dll+0x1f4105]
V  [jvm.dll+0x1f22eb]
V  [jvm.dll+0x706a9d]
V  [jvm.dll+0x6ff8ba]
V  [jvm.dll+0x5f72c6]
C  [ucrtbase.dll+0x210b2]
C  [KERNEL32.DLL+0x17c24]
C  [ntdll.dll+0x6d4d1]


---------------  P R O C E S S  ---------------

Threads class SMR info:
_java_thread_list=0x000001f93033c4d0, length=10, elements={
0x000001f91838b000, 0x000001f918444000, 0x000001f918446800, 0x000001f917f9f800,
0x000001f917fa1000, 0x000001f917fa2000, 0x000001f917fa3000, 0x000001f91801a000,
0x000001f91801d800, 0x000001f930733800
}

Java Threads: ( => current thread )
  0x000001f91838b000 JavaThread "main" [_thread_in_native, id=2564, stack(0x000000eb4de00000,0x000000eb4df00000)]
  0x000001f918444000 JavaThread "Reference Handler" daemon [_thread_blocked, id=8052, stack(0x000000eb4e000000,0x000000eb4e100000)]
  0x000001f918446800 JavaThread "Finalizer" daemon [_thread_blocked, id=7932, stack(0x000000eb4e100000,0x000000eb4e200000)]
  0x000001f917f9f800 JavaThread "Signal Dispatcher" daemon [_thread_blocked, id=11604, stack(0x000000eb4e200000,0x000000eb4e300000)]
  0x000001f917fa1000 JavaThread "Attach Listener" daemon [_thread_blocked, id=10300, stack(0x000000eb4e300000,0x000000eb4e400000)]
  0x000001f917fa2000 JavaThread "Service Thread" daemon [_thread_blocked, id=9704, stack(0x000000eb4e400000,0x000000eb4e500000)]
=>0x000001f917fa3000 JavaThread "C2 CompilerThread0" daemon [_thread_in_native, id=432, stack(0x000000eb4e500000,0x000000eb4e600000)]
  0x000001f91801a000 JavaThread "C1 CompilerThread0" daemon [_thread_blocked, id=4640, stack(0x000000eb4e600000,0x000000eb4e700000)]
  0x000001f91801d800 JavaThread "Sweeper thread" daemon [_thread_blocked, id=11984, stack(0x000000eb4e700000,0x000000eb4e800000)]
  0x000001f930733800 JavaThread "Notification Thread" daemon [_thread_new, id=12092, stack(0x000000eb4e800000,0x000000eb4e900000)]

Other Threads:
  0x000001f918441000 VMThread "VM Thread" [stack: 0x000000eb4df00000,0x000000eb4e000000] [id=7344]

Threads with active compile tasks:
C2 CompilerThread0     5492   76       4       java.lang.String::hashCode (60 bytes)

VM state:not at safepoint (normal execution)

VM Mutex/Monitor currently owned by a thread: None

Heap address: 0x00000000e4200000, size: 446 MB, Compressed Oops mode: 32-bit
Narrow klass base: 0x0000000800000000, Narrow klass shift: 3
Compressed class space size: 1073741824 Address: 0x0000000800b30000

Heap:
 def new generation   total 8640K, used 790K [0x00000000e4200000, 0x00000000e4b50000, 0x00000000ed6a0000)
  eden space 7744K,  10% used [0x00000000e4200000, 0x00000000e42c59e0, 0x00000000e4990000)
  from space 896K,   0% used [0x00000000e4990000, 0x00000000e4990000, 0x00000000e4a70000)
  to   space 896K,   0% used [0x00000000e4a70000, 0x00000000e4a70000, 0x00000000e4b50000)
 tenured generation   total 19136K, used 0K [0x00000000ed6a0000, 0x00000000ee950000, 0x0000000100000000)
   the space 19136K,   0% used [0x00000000ed6a0000, 0x00000000ed6a0000, 0x00000000ed6a0200, 0x00000000ee950000)
 Metaspace       used 169K, capacity 4480K, committed 4480K, reserved 1056768K
  class space    used 4K, capacity 384K, committed 384K, reserved 1048576K

Card table byte_map: [0x000001f917d40000,0x000001f917e20000] _byte_map_base: 0x000001f91761f000

Polling page: 0x000001f916200000

Metaspace:

Usage:
  Non-class:      4.00 MB capacity,   165.34 KB (  4%) used,     3.84 MB ( 96%) free+waste,    64 bytes ( <1%) overhead. 
      Class:    384.00 KB capacity,     4.30 KB (  1%) used,   379.64 KB ( 99%) free+waste,    64 bytes ( <1%) overhead. 
       Both:      4.38 MB capacity,   169.63 KB (  4%) used,     4.21 MB ( 96%) free+waste,   128 bytes ( <1%) overhead. 

Virtual space:
  Non-class space:        8.00 MB reserved,       4.00 MB ( 50%) committed 
      Class space:        1.00 GB reserved,     384.00 KB ( <1%) committed 
             Both:        1.01 GB reserved,       4.38 MB ( <1%) committed 

Chunk freelists:
   Non-Class:  0 bytes
       Class:  0 bytes
        Both:  0 bytes

MaxMetaspaceSize: 17179869184.00 GB
CompressedClassSpaceSize: 1.00 GB

CodeHeap 'non-profiled nmethods': size=120000Kb used=16Kb max_used=16Kb free=119983Kb
 bounds [0x000001f928600000, 0x000001f928870000, 0x000001f92fb30000]
CodeHeap 'profiled nmethods': size=120000Kb used=114Kb max_used=114Kb free=119885Kb
 bounds [0x000001f9210d0000, 0x000001f921340000, 0x000001f928600000]
CodeHeap 'non-nmethods': size=5760Kb used=1033Kb max_used=1039Kb free=4726Kb
 bounds [0x000001f920b30000, 0x000001f920da0000, 0x000001f9210d0000]
 total_blobs=646 nmethods=85 adapters=172
 compilation: enabled
              stopped_count=0, restarted_count=0
 full_count=0

Compilation events (20 events):
Event: 4.963 Thread 0x000001f91801a000 nmethod 66 0x000001f9210e6210 code [0x000001f9210e63c0, 0x000001f9210e6608]
Event: 4.963 Thread 0x000001f91801a000   67       3       java.util.ImmutableCollections$SetN::isEmpty (13 bytes)
Event: 4.963 Thread 0x000001f91801a000 nmethod 67 0x000001f9210e6710 code [0x000001f9210e68a0, 0x000001f9210e6a18]
Event: 5.070 Thread 0x000001f91801a000   68       3       java.util.AbstractMap::<init> (5 bytes)
Event: 5.070 Thread 0x000001f91801a000 nmethod 68 0x000001f9210e6a90 code [0x000001f9210e6c20, 0x000001f9210e6d98]
Event: 5.071 Thread 0x000001f91801a000   69       3       java.util.ImmutableCollections$Set12::size (13 bytes)
Event: 5.071 Thread 0x000001f91801a000 nmethod 69 0x000001f9210e6e90 code [0x000001f9210e7020, 0x000001f9210e71b8]
Event: 5.072 Thread 0x000001f91801a000   70       3       java.util.HashMap::<init> (11 bytes)
Event: 5.073 Thread 0x000001f91801a000 nmethod 70 0x000001f9210e7290 code [0x000001f9210e7440, 0x000001f9210e7618]
Event: 5.073 Thread 0x000001f91801a000   71       3       java.util.HashMap::resize (356 bytes)
Event: 5.077 Thread 0x000001f91801a000 nmethod 71 0x000001f9210e7710 code [0x000001f9210e79a0, 0x000001f9210e8ce8]
Event: 5.077 Thread 0x000001f91801a000   72       1       java.lang.module.ModuleDescriptor$Exports::targets (5 bytes)
Event: 5.077 Thread 0x000001f91801a000 nmethod 72 0x000001f928603310 code [0x000001f9286034a0, 0x000001f928603578]
Event: 5.077 Thread 0x000001f91801a000   74       3       java.util.ImmutableCollections$Set12::iterator (9 bytes)
Event: 5.078 Thread 0x000001f91801a000 nmethod 74 0x000001f9210e9110 code [0x000001f9210e92c0, 0x000001f9210e95d8]
Event: 5.078 Thread 0x000001f91801a000   73       1       java.util.ImmutableCollections$Set12::isEmpty (2 bytes)
Event: 5.078 Thread 0x000001f91801a000 nmethod 73 0x000001f928603610 code [0x000001f9286037a0, 0x000001f928603878]
Event: 5.080 Thread 0x000001f91801a000   75       3       java.util.Map::entry (10 bytes)
Event: 5.081 Thread 0x000001f917fa3000   76       4       java.lang.String::hashCode (60 bytes)
Event: 5.082 Thread 0x000001f91801a000 nmethod 75 0x000001f9210e9710 code [0x000001f9210e9900, 0x000001f9210e9e18]

GC Heap History (0 events):
No events

Deoptimization events (0 events):
No events

Classes unloaded (0 events):
No events

Classes redefined (0 events):
No events

Internal exceptions (0 events):
No events

Events (11 events):
Event: 0.692 Loaded shared library C:\Program Files\Java\jdk-14.0.1\bin\java.dll
Event: 0.695 Loaded shared library C:\Program Files\Java\jdk-14.0.1\bin\zip.dll
Event: 1.434 Thread 0x000001f91838b000 Thread added: 0x000001f91838b000
Event: 1.896 Thread 0x000001f918444000 Thread added: 0x000001f918444000
Event: 1.897 Thread 0x000001f918446800 Thread added: 0x000001f918446800
Event: 2.553 Thread 0x000001f917f9f800 Thread added: 0x000001f917f9f800
Event: 2.554 Thread 0x000001f917fa1000 Thread added: 0x000001f917fa1000
Event: 2.555 Thread 0x000001f917fa2000 Thread added: 0x000001f917fa2000
Event: 2.559 Thread 0x000001f917fa3000 Thread added: 0x000001f917fa3000
Event: 2.729 Thread 0x000001f91801a000 Thread added: 0x000001f91801a000
Event: 3.074 Thread 0x000001f91801d800 Thread added: 0x000001f91801d800


Dynamic libraries:
0x00007ff610b40000 - 0x00007ff610b4f000 	C:\Program Files\Java\jdk-14.0.1\bin\javaw.exe
0x00007ffaf2d00000 - 0x00007ffaf2ef0000 	C:\WINDOWS\SYSTEM32\ntdll.dll
0x00007ffaf0f80000 - 0x00007ffaf1032000 	C:\WINDOWS\System32\KERNEL32.DLL
0x00007ffaeff50000 - 0x00007ffaf01f5000 	C:\WINDOWS\System32\KERNELBASE.dll
0x00007ffaefe30000 - 0x00007ffaeff2a000 	C:\WINDOWS\System32\ucrtbase.dll
0x00007ffaea9b0000 - 0x00007ffaea9c8000 	C:\Program Files\Java\jdk-14.0.1\bin\jli.dll
0x00007ffaf2c10000 - 0x00007ffaf2cb3000 	C:\WINDOWS\System32\ADVAPI32.dll
0x00007ffaf1f10000 - 0x00007ffaf1fae000 	C:\WINDOWS\System32\msvcrt.dll
0x00007ffaf2100000 - 0x00007ffaf2197000 	C:\WINDOWS\System32\sechost.dll
0x00007ffaf23b0000 - 0x00007ffaf24d0000 	C:\WINDOWS\System32\RPCRT4.dll
0x00007ffaf2a60000 - 0x00007ffaf2bf4000 	C:\WINDOWS\System32\USER32.dll
0x00007ffaf02a0000 - 0x00007ffaf02c1000 	C:\WINDOWS\System32\win32u.dll
0x00007ffae9130000 - 0x00007ffae9145000 	C:\Program Files\Java\jdk-14.0.1\bin\VCRUNTIME140.dll
0x00007ffaf28c0000 - 0x00007ffaf28e6000 	C:\WINDOWS\System32\GDI32.dll
0x00007ffaf0bb0000 - 0x00007ffaf0d46000 	C:\WINDOWS\System32\gdi32full.dll
0x00007ffaf0200000 - 0x00007ffaf029e000 	C:\WINDOWS\System32\msvcp_win.dll
0x00007ffae0350000 - 0x00007ffae05d4000 	C:\WINDOWS\WinSxS\amd64_microsoft.windows.common-controls_6595b64144ccf1df_6.0.18362.1198_none_9e820b57e45ad92f\COMCTL32.dll
0x00007ffaf2580000 - 0x00007ffaf28b5000 	C:\WINDOWS\System32\combase.dll
0x00007ffae2880000 - 0x00007ffae288a000 	C:\WINDOWS\SYSTEM32\VERSION.dll
0x00007ffaefd00000 - 0x00007ffaefd80000 	C:\WINDOWS\System32\bcryptPrimitives.dll
0x00007ffaf19c0000 - 0x00007ffaf19ee000 	C:\WINDOWS\System32\IMM32.DLL
0x00007ffacf160000 - 0x00007ffacf1fb000 	C:\Program Files\Java\jdk-14.0.1\bin\msvcp140.dll
0x00007ffac4540000 - 0x00007ffac505e000 	C:\Program Files\Java\jdk-14.0.1\bin\server\jvm.dll
0x00007ffaf29c0000 - 0x00007ffaf29c8000 	C:\WINDOWS\System32\PSAPI.DLL
0x00007ffaea8b0000 - 0x00007ffaea8b9000 	C:\WINDOWS\SYSTEM32\WSOCK32.dll
0x00007ffaf0f10000 - 0x00007ffaf0f7f000 	C:\WINDOWS\System32\WS2_32.dll
0x00007ffaed4f0000 - 0x00007ffaed514000 	C:\WINDOWS\SYSTEM32\WINMM.dll
0x00007ffaed4c0000 - 0x00007ffaed4ed000 	C:\WINDOWS\SYSTEM32\winmmbase.dll
0x00007ffaefcb0000 - 0x00007ffaefcfa000 	C:\WINDOWS\System32\cfgmgr32.dll
0x00007ffaefc60000 - 0x00007ffaefc71000 	C:\WINDOWS\System32\kernel.appcore.dll
0x00007ffae9a80000 - 0x00007ffae9a8a000 	C:\Program Files\Java\jdk-14.0.1\bin\jimage.dll
0x00007ffae0f30000 - 0x00007ffae1124000 	C:\WINDOWS\SYSTEM32\DBGHELP.DLL
0x00007ffae0c20000 - 0x00007ffae0c4a000 	C:\WINDOWS\SYSTEM32\dbgcore.DLL
0x00007ffaced90000 - 0x00007ffacedb5000 	C:\Program Files\Java\jdk-14.0.1\bin\java.dll
0x00007ffad15e0000 - 0x00007ffad15f6000 	C:\Program Files\Java\jdk-14.0.1\bin\zip.dll
0x00007ffaf1190000 - 0x00007ffaf1877000 	C:\WINDOWS\System32\SHELL32.dll
0x00007ffaf24d0000 - 0x00007ffaf2579000 	C:\WINDOWS\System32\shcore.dll
0x00007ffaf02d0000 - 0x00007ffaf0a51000 	C:\WINDOWS\System32\windows.storage.dll
0x00007ffaefc30000 - 0x00007ffaefc53000 	C:\WINDOWS\System32\profapi.dll
0x00007ffaefbc0000 - 0x00007ffaefc0a000 	C:\WINDOWS\System32\powrprof.dll
0x00007ffaefbb0000 - 0x00007ffaefbc0000 	C:\WINDOWS\System32\UMPDC.dll
0x00007ffaf2350000 - 0x00007ffaf23a2000 	C:\WINDOWS\System32\shlwapi.dll
0x00007ffaeff30000 - 0x00007ffaeff47000 	C:\WINDOWS\System32\cryptsp.dll

dbghelp: loaded successfully - version: 4.0.5 - missing functions: none
symbol engine: initialized successfully - sym options: 0x614 - pdb path: .;C:\Program Files\Java\jdk-14.0.1\bin;C:\WINDOWS\SYSTEM32;C:\WINDOWS\WinSxS\amd64_microsoft.windows.common-controls_6595b64144ccf1df_6.0.18362.1198_none_9e820b57e45ad92f;C:\Program Files\Java\jdk-14.0.1\bin\server

VM Arguments:
jvm_args: -Dfile.encoding=Cp1252 
java_command: excecao.ChecadaVsNaoChecada
java_class_path (initial): C:\Users\MASTER\eclipse-workspace\exercicios\bin
Launcher Type: SUN_STANDARD

[Global flags]
     intx CICompilerCount                          = 3                                         {product} {ergonomic}
   size_t InitialHeapSize                          = 29360128                                  {product} {ergonomic}
   size_t MaxHeapSize                              = 467664896                                 {product} {ergonomic}
   size_t MaxNewSize                               = 155844608                                 {product} {ergonomic}
   size_t MinHeapDeltaBytes                        = 196608                                    {product} {ergonomic}
   size_t MinHeapSize                              = 8388608                                   {product} {ergonomic}
   size_t NewSize                                  = 9764864                                   {product} {ergonomic}
    uintx NonNMethodCodeHeapSize                   = 5832780                                {pd product} {ergonomic}
    uintx NonProfiledCodeHeapSize                  = 122912730                              {pd product} {ergonomic}
   size_t OldSize                                  = 19595264                                  {product} {ergonomic}
    uintx ProfiledCodeHeapSize                     = 122912730                              {pd product} {ergonomic}
    uintx ReservedCodeCacheSize                    = 251658240                              {pd product} {ergonomic}
     bool SegmentedCodeCache                       = true                                      {product} {ergonomic}
   size_t SoftMaxHeapSize                          = 467664896                              {manageable} {ergonomic}
     bool UseCompressedClassPointers               = true                                 {lp64_product} {ergonomic}
     bool UseCompressedOops                        = true                                 {lp64_product} {ergonomic}
     bool UseLargePagesIndividualAllocation        = false                                  {pd product} {ergonomic}
     bool UseSerialGC                              = true                                      {product} {ergonomic}

Logging:
Log output configuration:
 #0: stdout all=warning uptime,level,tags
 #1: stderr all=off uptime,level,tags

Environment Variables:
PATH=C:/Program Files/Java/jdk-14.0.1/bin/server;C:/Program Files/Java/jdk-14.0.1/bin;C:\WINDOWS\system32;C:\WINDOWS;C:\WINDOWS\System32\Wbem;C:\WINDOWS\System32\WindowsPowerShell\v1.0\;C:\WINDOWS\System32\OpenSSH\;C:\Program Files\Git\cmd;C:\Program Files\MySQL\MySQL Shell 8.0\bin\;C:\Users\MASTER\AppData\Local\Microsoft\WindowsApps;;C:\WINDOWS\System32;
USERNAME=MASTER
OS=Windows_NT
PROCESSOR_IDENTIFIER=Intel64 Family 6 Model 37 Stepping 5, GenuineIntel



---------------  S Y S T E M  ---------------

OS: Windows 10 , 64 bit Build 18362 (10.0.18362.1110)
OS uptime: 2 days 8:18 hours

CPU:total 4 (initial active 4) (2 cores per cpu, 2 threads per core) family 6 model 37 stepping 5, cmov, cx8, fxsr, mmx, sse, sse2, sse3, ssse3, sse4.1, sse4.2, popcnt, ht, tsc, tscinvbit

Memory: 4k page, system-wide physical 1782M (325M free)
TotalPageFile size 7158M (AvailPageFile size 55M)
current process WorkingSet (physical memory assigned to process): 21M, peak: 21M
current process commit charge ("private bytes"): 58M, peak: 58M

vm_info: Java HotSpot(TM) 64-Bit Server VM (14.0.1+7) for windows-amd64 JRE (14.0.1+7), built on Mar  5 2020 10:30:14 by "mach5one" with MS VC++ 15.9 (VS2017)

END.
